<?xml version="1.0" encoding="UTF-8"?>
<!-- Generated by org.testng.reporters.JUnitXMLReporter -->
<testsuite hostname="DESKTOP-D245AGR" ignored="0" name="Test" tests="2" failures="1" timestamp="2022-05-24T23:56:14 IST" time="16.268" errors="0">
  <testcase name="verifyDashboardTitle" time="0.045" classname="testClasses.TC001_LoginToZerodhaKite"/>
  <testcase name="addStockToWatchlist" time="2.869" classname="testClasses.TC002_AddStockInWatchlist">
    <failure type="java.io.IOException" message="Your InputStream was neither an OLE2 stream, nor an OOXML stream or you haven&amp;apos;t provide the poi-ooxml*.jar in the classpath/modulepath - FileMagic: OOXML, having providers: [org.apache.poi.hssf.usermodel.HSSFWorkbookFactory@7e094740]">
      <![CDATA[java.io.IOException: Your InputStream was neither an OLE2 stream, nor an OOXML stream or you haven't provide the poi-ooxml*.jar in the classpath/modulepath - FileMagic: OOXML, having providers: [org.apache.poi.hssf.usermodel.HSSFWorkbookFactory@7e094740]
at org.apache.poi.ss.usermodel.WorkbookFactory.wp(WorkbookFactory.java:300)
at org.apache.poi.ss.usermodel.WorkbookFactory.create(WorkbookFactory.java:199)
at org.apache.poi.ss.usermodel.WorkbookFactory.create(WorkbookFactory.java:163)
at utility.UtilityClass.readExcelFile(UtilityClass.java:25)
at pomClasses.DashboardPage.searchScript(DashboardPage.java:25)
at testClasses.TC002_AddStockInWatchlist.addStockToWatchlist(TC002_AddStockInWatchlist.java:37)
at java.util.ArrayList.forEach(Unknown Source)
... Removed 27 stack frames]]>
    </failure>
  </testcase> <!-- addStockToWatchlist -->
</testsuite> <!-- Test -->
