<?xml version="1.0" encoding="UTF-8"?>
<testng-results skipped="0" failed="0" ignored="0" total="1" passed="1">
  <reporter-output>
  </reporter-output>
  <suite name="Default suite" duration-ms="68602" started-at="2022-05-26T15:50:25 IST" finished-at="2022-05-26T15:51:33 IST">
    <groups>
    </groups>
    <test name="Default test" duration-ms="68602" started-at="2022-05-26T15:50:25 IST" finished-at="2022-05-26T15:51:33 IST">
      <class name="testClasses.TC002_AddStockInWatchlist">
        <test-method status="PASS" signature="launchBrowser()[pri:0, instance:testClasses.TC002_AddStockInWatchlist@10a035a0]" name="launchBrowser" is-config="true" duration-ms="12022" started-at="2022-05-26T15:50:25 IST" finished-at="2022-05-26T15:50:37 IST">
          <reporter-output>
          </reporter-output>
        </test-method> <!-- launchBrowser -->
        <test-method status="PASS" signature="loginSteps()[pri:0, instance:testClasses.TC002_AddStockInWatchlist@10a035a0]" name="loginSteps" is-config="true" duration-ms="1133" started-at="2022-05-26T15:50:37 IST" finished-at="2022-05-26T15:50:38 IST">
          <reporter-output>
          </reporter-output>
        </test-method> <!-- loginSteps -->
        <test-method status="PASS" signature="addStockToWatchlist()[pri:0, instance:testClasses.TC002_AddStockInWatchlist@10a035a0]" name="addStockToWatchlist" duration-ms="55367" started-at="2022-05-26T15:50:38 IST" finished-at="2022-05-26T15:51:33 IST">
          <reporter-output>
          </reporter-output>
        </test-method> <!-- addStockToWatchlist -->
      </class> <!-- testClasses.TC002_AddStockInWatchlist -->
    </test> <!-- Default test -->
  </suite> <!-- Default suite -->
</testng-results>
